2023-11-21 08:14:48,543 [INFO] Activator:176 - 


2023-11-21 08:14:48,543 [INFO] Activator:177 - !SESSION log4j initialized
2023-11-21 08:14:50,680 [INFO] LogOutputStream:77 - [STDOUT_REDIRECT] 
2023-11-21 08:14:52,378 [INFO] ApplicationProperties:184 - Using Application install path: C:\ST\STM32CubeIDE_1.13.2\STM32CubeIDE\plugins\com.st.stm32cube.common.mx_6.9.2.202309101412
2023-11-21 08:14:52,397 [INFO] DbMcusXml:78 - Set database path to: C:\ST\STM32CubeIDE_1.13.2\STM32CubeIDE\plugins\com.st.stm32cube.common.mx_6.9.2.202309101412\\db\/mcu/
2023-11-21 08:14:52,397 [INFO] ApiDb:274 - Set plugin database path to: C:\ST\STM32CubeIDE_1.13.2\STM32CubeIDE\plugins\com.st.stm32cube.common.mx_6.9.2.202309101412\\db\/plugins/boardmanager/
2023-11-21 08:14:52,398 [WARN] ApiDb:259 - Overriding images path with different value:  => C:\ST\STM32CubeIDE_1.13.2\STM32CubeIDE\plugins\com.st.stm32cube.common.mx_6.9.2.202309101412\\db\/plugins/mcufinder/images/
2023-11-21 08:14:52,410 [INFO] ApiDb:250 - Set database path to: C:\Users\Admin\.stmcufinder\plugins\mcufinder//mcu/
2023-11-21 08:14:52,411 [INFO] DbMcusAds:125 - Set database path to: C:\Users\Admin\.stmcufinder\plugins\mcufinder//mcu/
2023-11-21 08:14:52,413 [INFO] CrossReferenceDbSqlite:203 - Set database path to: C:\Users\Admin\.stmcufinder\plugins\mcufinder//mcu/cs/
2023-11-21 08:14:52,505 [INFO] RulesReader:64 - Compatibility file has been processed (293 Rules)
2023-11-21 08:14:52,568 [INFO] DbMcusXml:78 - Set database path to: C:\ST\STM32CubeIDE_1.13.2\STM32CubeIDE\plugins\com.st.stm32cube.common.mx_6.9.2.202309101412\\db\/mcu/
2023-11-21 08:14:52,568 [INFO] ApiDb:274 - Set plugin database path to: C:\ST\STM32CubeIDE_1.13.2\STM32CubeIDE\plugins\com.st.stm32cube.common.mx_6.9.2.202309101412\\db\/plugins/boardmanager/
2023-11-21 08:14:52,568 [INFO] ApiDb:261 - Set plugin images path to: C:\ST\STM32CubeIDE_1.13.2\STM32CubeIDE\plugins\com.st.stm32cube.common.mx_6.9.2.202309101412\\db\/plugins/mcufinder/images/
2023-11-21 08:14:52,568 [WARN] DbFile:41 - Overriding database path with different value: C:\Users\Admin\.stmcufinder\plugins\mcufinder/ => C:\Users\Admin\.stmcufinder\plugins\mcufinder
2023-11-21 08:14:52,568 [INFO] ApiDb:250 - Set database path to: C:\Users\Admin\.stmcufinder\plugins\mcufinder//mcu/
2023-11-21 08:14:52,568 [WARN] DbFile:41 - Overriding database path with different value: C:\Users\Admin\.stmcufinder\plugins\mcufinder/ => C:\Users\Admin\.stmcufinder\plugins\mcufinder
2023-11-21 08:14:52,568 [INFO] DbMcusAds:125 - Set database path to: C:\Users\Admin\.stmcufinder\plugins\mcufinder//mcu/
2023-11-21 08:14:52,568 [WARN] DbFile:41 - Overriding database path with different value: C:\Users\Admin\.stmcufinder\plugins\mcufinder/ => C:\Users\Admin\.stmcufinder\plugins\mcufinder
2023-11-21 08:14:52,568 [WARN] DbFile:41 - Overriding database path with different value: C:\Users\Admin\.stmcufinder\plugins\mcufinder/ => C:\Users\Admin\.stmcufinder\plugins\mcufinder
2023-11-21 08:14:52,569 [INFO] CrossReferenceDbSqlite:203 - Set database path to: C:\Users\Admin\.stmcufinder\plugins\mcufinder//mcu/cs/
2023-11-21 08:14:52,647 [INFO] MainPanel:262 - HeapMemory: 268435456
2023-11-21 08:14:52,728 [INFO] DbMcusXml:78 - Set database path to: C:\ST\STM32CubeIDE_1.13.2\STM32CubeIDE\plugins\com.st.stm32cube.common.mx_6.9.2.202309101412\\db\/mcu/
2023-11-21 08:14:52,728 [INFO] ApiDb:274 - Set plugin database path to: C:\ST\STM32CubeIDE_1.13.2\STM32CubeIDE\plugins\com.st.stm32cube.common.mx_6.9.2.202309101412\\db\/plugins/boardmanager/
2023-11-21 08:14:52,728 [INFO] ApiDb:261 - Set plugin images path to: C:\ST\STM32CubeIDE_1.13.2\STM32CubeIDE\plugins\com.st.stm32cube.common.mx_6.9.2.202309101412\\db\/plugins/mcufinder/images/
2023-11-21 08:14:52,728 [WARN] DbFile:41 - Overriding database path with different value: C:\Users\Admin\.stmcufinder\plugins\mcufinder/ => C:\Users\Admin\.stmcufinder\plugins\mcufinder
2023-11-21 08:14:52,728 [INFO] ApiDb:250 - Set database path to: C:\Users\Admin\.stmcufinder\plugins\mcufinder//mcu/
2023-11-21 08:14:52,728 [WARN] DbFile:41 - Overriding database path with different value: C:\Users\Admin\.stmcufinder\plugins\mcufinder/ => C:\Users\Admin\.stmcufinder\plugins\mcufinder
2023-11-21 08:14:52,729 [INFO] DbMcusAds:125 - Set database path to: C:\Users\Admin\.stmcufinder\plugins\mcufinder//mcu/
2023-11-21 08:14:52,729 [WARN] DbFile:41 - Overriding database path with different value: C:\Users\Admin\.stmcufinder\plugins\mcufinder/ => C:\Users\Admin\.stmcufinder\plugins\mcufinder
2023-11-21 08:14:52,729 [WARN] DbFile:41 - Overriding database path with different value: C:\Users\Admin\.stmcufinder\plugins\mcufinder/ => C:\Users\Admin\.stmcufinder\plugins\mcufinder
2023-11-21 08:14:52,729 [INFO] CrossReferenceDbSqlite:203 - Set database path to: C:\Users\Admin\.stmcufinder\plugins\mcufinder//mcu/cs/
2023-11-21 08:14:52,744 [INFO] ApplicationProperties:184 - Using Application install path: C:\ST\STM32CubeIDE_1.13.2\STM32CubeIDE\plugins\com.st.stm32cube.common.mx_6.9.2.202309101412
2023-11-21 08:14:52,745 [INFO] PluginManage:196 - Search for loadable plugins [exclusion list=, ]
2023-11-21 08:14:52,747 [INFO] PluginManage:310 - Check plugin analytics
2023-11-21 08:14:52,902 [INFO] AnalyticsPlugin:253 - Accepted Software Licenses: 
2023-11-21 08:14:52,902 [INFO] AnalyticsPlugin:255 - Accepted CMSIS Pack Licenses: 
2023-11-21 08:14:52,902 [INFO] AnalyticsPlugin:257 - Accepted Firmware Licenses: 
2023-11-21 08:14:52,905 [INFO] PluginManage:359 - Loaded plugin analytics (category:tool,tabindex:-1)
2023-11-21 08:14:52,906 [INFO] PluginManage:310 - Check plugin cadmodel
2023-11-21 08:14:52,912 [INFO] CADModel:105 - Init CAD model plugin
2023-11-21 08:14:52,913 [INFO] PluginManage:359 - Loaded plugin cadmodel (category:power,tabindex:5)
2023-11-21 08:14:52,913 [INFO] PluginManage:310 - Check plugin clock
2023-11-21 08:14:52,925 [INFO] PluginManage:359 - Loaded plugin clock (category:base,tabindex:2)
2023-11-21 08:14:52,925 [INFO] PluginManage:310 - Check plugin ddr
2023-11-21 08:14:52,928 [INFO] PluginManage:359 - Loaded plugin ddr (category:tool,tabindex:6)
2023-11-21 08:14:52,929 [INFO] PluginManage:310 - Check plugin filemanager
2023-11-21 08:14:53,074 [INFO] PluginManage:359 - Loaded plugin filemanager (category:base,tabindex:10)
2023-11-21 08:14:53,075 [INFO] PluginManage:310 - Check plugin ipmanager
2023-11-21 08:14:53,082 [INFO] PluginManage:359 - Loaded plugin ipmanager (category:base,tabindex:5)
2023-11-21 08:14:53,082 [INFO] PluginManage:310 - Check plugin lpbam
2023-11-21 08:14:53,095 [INFO] PluginManage:359 - Loaded plugin lpbam (category:base,tabindex:0)
2023-11-21 08:14:53,096 [INFO] PluginManage:310 - Check plugin memorymap
2023-11-21 08:14:53,113 [INFO] PluginManage:359 - Loaded plugin memorymap (category:base,tabindex:4)
2023-11-21 08:14:53,113 [INFO] PluginManage:310 - Check plugin pinoutandconfiguration
2023-11-21 08:14:53,123 [INFO] PluginManage:359 - Loaded plugin pinoutandconfiguration (category:base,tabindex:1)
2023-11-21 08:14:53,123 [INFO] PluginManage:310 - Check plugin pinoutconfig
2023-11-21 08:14:53,223 [WARN] SupportedApi:132 - Cannot load RTOS API schema: s4s-elt-must-match.1: The content of 'definitions' must match (annotation?, (simpleType | complexType)?, (unique | key | keyref)*)). A problem was found starting at: attribute.
2023-11-21 08:14:53,425 [INFO] PluginManage:359 - Loaded plugin pinoutconfig (category:base,tabindex:0)
2023-11-21 08:14:53,425 [INFO] PluginManage:310 - Check plugin power
2023-11-21 08:14:53,438 [INFO] PluginManage:359 - Loaded plugin power (category:power,tabindex:4)
2023-11-21 08:14:53,438 [INFO] PluginManage:310 - Check plugin projectmanager
2023-11-21 08:14:53,450 [INFO] PluginManage:359 - Loaded plugin projectmanager (category:projectmanager,tabindex:3)
2023-11-21 08:14:53,450 [INFO] PluginManage:310 - Check plugin thirdparty
2023-11-21 08:14:53,575 [INFO] PluginManage:359 - Loaded plugin thirdparty (category:base,tabindex:-1)
2023-11-21 08:14:53,576 [INFO] PluginManage:310 - Check plugin tools
2023-11-21 08:14:53,575 [WARN] IntegrityCheckThread:84 - waiting for thirdparty lock release [integrity check]
2023-11-21 08:14:53,576 [INFO] IntegrityCheckThread:86 - entering critical section [integrity check]
2023-11-21 08:14:53,576 [INFO] ThirdPartyUpdaterWithRetryManager:70 - Updater plugin not ready yet. [1/15]
2023-11-21 08:14:53,578 [INFO] PluginManage:359 - Loaded plugin tools (category:base,tabindex:7)
2023-11-21 08:14:53,579 [INFO] PluginManage:310 - Check plugin tutovideos
2023-11-21 08:14:53,738 [INFO] PluginManage:359 - Loaded plugin tutovideos (category:base,tabindex:-1)
2023-11-21 08:14:53,738 [INFO] PluginManage:310 - Check plugin updater
2023-11-21 08:14:53,750 [INFO] PluginManage:359 - Loaded plugin updater (category:base,tabindex:12)
2023-11-21 08:14:53,750 [INFO] PluginManage:310 - Check plugin userauth
2023-11-21 08:14:53,755 [INFO] UserAuth:113 - Init User Auth plugin
2023-11-21 08:14:53,756 [INFO] PluginManage:359 - Loaded plugin userauth (category:base,tabindex:14)
2023-11-21 08:14:53,756 [INFO] PluginManage:283 - PluginManage : Loaded plugins [17]
2023-11-21 08:14:53,961 [INFO] PinOutPanel:1499 - setPackage(No Configuration,No Configuration)
2023-11-21 08:14:54,050 [INFO] CADModel:165 - CPN selected for project level
2023-11-21 08:14:54,050 [INFO] CADModel:114 - Register for checkConnection events
2023-11-21 08:14:54,069 [INFO] IPUIPlugin:80 - create IPUIPlugin
2023-11-21 08:14:54,069 [INFO] PluginManager:220 - loadIPPluginJar : add adc
2023-11-21 08:14:54,071 [INFO] IPUIPlugin:80 - create IPUIPlugin
2023-11-21 08:14:54,072 [INFO] PluginManager:220 - loadIPPluginJar : add aes
2023-11-21 08:14:54,074 [INFO] IPUIPlugin:80 - create IPUIPlugin
2023-11-21 08:14:54,074 [INFO] PluginManager:220 - loadIPPluginJar : add can
2023-11-21 08:14:54,076 [INFO] IPUIPlugin:80 - create IPUIPlugin
2023-11-21 08:14:54,076 [INFO] PluginManager:220 - loadIPPluginJar : add comp
2023-11-21 08:14:54,078 [INFO] IPUIPlugin:80 - create IPUIPlugin
2023-11-21 08:14:54,078 [INFO] PluginManager:220 - loadIPPluginJar : add cryp
2023-11-21 08:14:54,080 [INFO] IPUIPlugin:80 - create IPUIPlugin
2023-11-21 08:14:54,080 [INFO] PluginManager:220 - loadIPPluginJar : add dfsdm
2023-11-21 08:14:54,085 [INFO] IPUIPlugin:80 - create IPUIPlugin
2023-11-21 08:14:54,086 [INFO] PluginManager:220 - loadIPPluginJar : add dma
2023-11-21 08:14:54,088 [INFO] IPUIPlugin:80 - create IPUIPlugin
2023-11-21 08:14:54,088 [INFO] PluginManager:220 - loadIPPluginJar : add dma3
2023-11-21 08:14:54,089 [INFO] IPUIPlugin:80 - create IPUIPlugin
2023-11-21 08:14:54,090 [INFO] PluginManager:220 - loadIPPluginJar : add fatfs
2023-11-21 08:14:54,094 [INFO] IPUIPlugin:80 - create IPUIPlugin
2023-11-21 08:14:54,094 [INFO] PluginManager:220 - loadIPPluginJar : add fmc
2023-11-21 08:14:54,100 [INFO] IPUIPlugin:80 - create IPUIPlugin
2023-11-21 08:14:54,100 [INFO] PluginManager:220 - loadIPPluginJar : add freertos
2023-11-21 08:14:54,101 [INFO] IPUIPlugin:80 - create IPUIPlugin
2023-11-21 08:14:54,102 [INFO] PluginManager:220 - loadIPPluginJar : add genericplugin
2023-11-21 08:14:54,103 [INFO] IPUIPlugin:80 - create IPUIPlugin
2023-11-21 08:14:54,103 [INFO] PluginManager:220 - loadIPPluginJar : add gfxmmu
2023-11-21 08:14:54,108 [INFO] IPUIPlugin:80 - create IPUIPlugin
2023-11-21 08:14:54,108 [INFO] PluginManager:220 - loadIPPluginJar : add gic
2023-11-21 08:14:54,112 [INFO] IPUIPlugin:80 - create IPUIPlugin
2023-11-21 08:14:54,112 [INFO] PluginManager:220 - loadIPPluginJar : add gpio
2023-11-21 08:14:54,115 [INFO] IPUIPlugin:80 - create IPUIPlugin
2023-11-21 08:14:54,115 [INFO] PluginManager:220 - loadIPPluginJar : add gtzc
2023-11-21 08:14:54,117 [INFO] IPUIPlugin:80 - create IPUIPlugin
2023-11-21 08:14:54,117 [INFO] PluginManager:220 - loadIPPluginJar : add hash
2023-11-21 08:14:54,120 [INFO] IPUIPlugin:80 - create IPUIPlugin
2023-11-21 08:14:54,120 [INFO] PluginManager:220 - loadIPPluginJar : add i2c
2023-11-21 08:14:54,122 [INFO] IPUIPlugin:80 - create IPUIPlugin
2023-11-21 08:14:54,123 [INFO] PluginManager:220 - loadIPPluginJar : add i2s
2023-11-21 08:14:54,125 [INFO] IPUIPlugin:80 - create IPUIPlugin
2023-11-21 08:14:54,125 [INFO] PluginManager:220 - loadIPPluginJar : add i3c
2023-11-21 08:14:54,128 [INFO] IPUIPlugin:80 - create IPUIPlugin
2023-11-21 08:14:54,128 [INFO] PluginManager:220 - loadIPPluginJar : add ipddr
2023-11-21 08:14:54,138 [INFO] IPUIPlugin:80 - create IPUIPlugin
2023-11-21 08:14:54,138 [INFO] PluginManager:220 - loadIPPluginJar : add linkedlist
2023-11-21 08:14:54,141 [INFO] IPUIPlugin:80 - create IPUIPlugin
2023-11-21 08:14:54,141 [INFO] PluginManager:220 - loadIPPluginJar : add lorawan
2023-11-21 08:14:54,143 [INFO] IPUIPlugin:80 - create IPUIPlugin
2023-11-21 08:14:54,143 [INFO] PluginManager:220 - loadIPPluginJar : add ltdc
2023-11-21 08:14:54,149 [INFO] IPUIPlugin:80 - create IPUIPlugin
2023-11-21 08:14:54,149 [INFO] PluginManager:220 - loadIPPluginJar : add mdma
2023-11-21 08:14:54,154 [INFO] IPUIPlugin:80 - create IPUIPlugin
2023-11-21 08:14:54,154 [INFO] PluginManager:220 - loadIPPluginJar : add nvic
2023-11-21 08:14:54,158 [INFO] IPUIPlugin:80 - create IPUIPlugin
2023-11-21 08:14:54,158 [INFO] PluginManager:220 - loadIPPluginJar : add opamp
2023-11-21 08:14:54,162 [INFO] IPUIPlugin:80 - create IPUIPlugin
2023-11-21 08:14:54,162 [INFO] PluginManager:220 - loadIPPluginJar : add openamp
2023-11-21 08:14:54,166 [INFO] IPUIPlugin:80 - create IPUIPlugin
2023-11-21 08:14:54,166 [INFO] PluginManager:220 - loadIPPluginJar : add pdm2pcm
2023-11-21 08:14:54,175 [INFO] IPUIPlugin:80 - create IPUIPlugin
2023-11-21 08:14:54,178 [INFO] PluginManager:220 - loadIPPluginJar : add plateformsettings
2023-11-21 08:14:54,180 [INFO] IPUIPlugin:80 - create IPUIPlugin
2023-11-21 08:14:54,181 [INFO] PluginManager:220 - loadIPPluginJar : add quadspi
2023-11-21 08:14:54,185 [INFO] IPUIPlugin:80 - create IPUIPlugin
2023-11-21 08:14:54,185 [INFO] PluginManager:220 - loadIPPluginJar : add resmgrutility
2023-11-21 08:14:54,188 [INFO] IPUIPlugin:80 - create IPUIPlugin
2023-11-21 08:14:54,188 [INFO] PluginManager:220 - loadIPPluginJar : add sai
2023-11-21 08:14:54,191 [INFO] IPUIPlugin:80 - create IPUIPlugin
2023-11-21 08:14:54,191 [INFO] PluginManager:220 - loadIPPluginJar : add spi
2023-11-21 08:14:54,196 [INFO] IPUIPlugin:80 - create IPUIPlugin
2023-11-21 08:14:54,196 [INFO] PluginManager:220 - loadIPPluginJar : add stm32_wpan
2023-11-21 08:14:54,198 [INFO] IPUIPlugin:80 - create IPUIPlugin
2023-11-21 08:14:54,199 [INFO] PluginManager:220 - loadIPPluginJar : add tim
2023-11-21 08:14:54,202 [INFO] IPUIPlugin:80 - create IPUIPlugin
2023-11-21 08:14:54,202 [INFO] PluginManager:220 - loadIPPluginJar : add touchsensing
2023-11-21 08:14:54,204 [INFO] IPUIPlugin:80 - create IPUIPlugin
2023-11-21 08:14:54,204 [INFO] PluginManager:220 - loadIPPluginJar : add tracer_emb
2023-11-21 08:14:54,206 [INFO] IPUIPlugin:80 - create IPUIPlugin
2023-11-21 08:14:54,207 [INFO] PluginManager:220 - loadIPPluginJar : add ts
2023-11-21 08:14:54,209 [INFO] IPUIPlugin:80 - create IPUIPlugin
2023-11-21 08:14:54,209 [INFO] PluginManager:220 - loadIPPluginJar : add tsc
2023-11-21 08:14:54,211 [INFO] IPUIPlugin:80 - create IPUIPlugin
2023-11-21 08:14:54,211 [INFO] PluginManager:220 - loadIPPluginJar : add ucpd
2023-11-21 08:14:54,214 [INFO] IPUIPlugin:80 - create IPUIPlugin
2023-11-21 08:14:54,214 [INFO] PluginManager:220 - loadIPPluginJar : add usart
2023-11-21 08:14:54,217 [INFO] IPUIPlugin:80 - create IPUIPlugin
2023-11-21 08:14:54,217 [INFO] PluginManager:220 - loadIPPluginJar : add usbx
2023-11-21 08:14:54,336 [INFO] CADModel:165 - CPN selected for project level
2023-11-21 08:14:54,336 [INFO] CADModel:114 - Register for checkConnection events
2023-11-21 08:14:54,337 [FATAL] Updater:308 - Updater called before beeing initialized
2023-11-21 08:14:54,337 [ERROR] CADModel:125 - Updater not yet initialized, retry later 
2023-11-21 08:14:54,476 [INFO] CADModel:165 - CPN selected for project level
2023-11-21 08:14:54,476 [INFO] CADModel:114 - Register for checkConnection events
2023-11-21 08:14:54,476 [FATAL] Updater:308 - Updater called before beeing initialized
2023-11-21 08:14:54,476 [ERROR] CADModel:125 - Updater not yet initialized, retry later 
2023-11-21 08:14:54,480 [FATAL] Updater:308 - Updater called before beeing initialized
2023-11-21 08:14:54,581 [FATAL] Updater:308 - Updater called before beeing initialized
2023-11-21 08:14:54,586 [INFO] DbMcusAds:53 - JSON generation date=Tue Mar 07 11:50:55 MSK 2023 (1678179055335)
2023-11-21 08:14:54,586 [FATAL] Updater:308 - Updater called before beeing initialized
2023-11-21 08:14:54,621 [WARN] DetailPanel:346 - Failed to get advertising image, set to default
2023-11-21 08:14:54,697 [FATAL] Updater:308 - Updater called before beeing initialized
2023-11-21 08:14:54,700 [FATAL] Updater:308 - Updater called before beeing initialized
2023-11-21 08:14:54,700 [FATAL] Updater:308 - Updater called before beeing initialized
2023-11-21 08:14:54,700 [WARN] DetailPanel:346 - Failed to get advertising image, set to default
2023-11-21 08:14:54,701 [FATAL] Updater:308 - Updater called before beeing initialized
2023-11-21 08:14:54,742 [ERROR] Updater:1120 - MainUpdater not yet initialized. External WinMGr cannot be set.
2023-11-21 08:14:54,744 [INFO] Updater:1056 - Updater Version found : 6.9.2
2023-11-21 08:14:54,760 [INFO] ApplicationProperties:184 - Using Application install path: C:\ST\STM32CubeIDE_1.13.2\STM32CubeIDE\plugins\com.st.stm32cube.common.mx_6.9.2.202309101412
2023-11-21 08:14:54,967 [INFO] MainUpdater:2868 - connection check result : 10
2023-11-21 08:14:54,968 [INFO] MainUpdater:285 - Updater Check For Update Now.
2023-11-21 08:14:54,968 [INFO] MicroXplorer:498 - Change Database Version : DB.6.0.92
2023-11-21 08:14:54,977 [INFO] McuFinderGlobals:63 - Set McuFinder mode to 2 (CubeIDE integrated)
2023-11-21 08:14:54,977 [INFO] UserAuth:179 - activating auth plugin
2023-11-21 08:14:54,980 [INFO] UserAuth:393 - Internet connection configuration mode: 1
2023-11-21 08:14:55,012 [INFO] JxBrowserEngine:151 - Initiate JxBrowser Engine with user profile folder
2023-11-21 08:14:55,149 [INFO] CheckServerUpdateThread:120 - End of CheckServer Thread
2023-11-21 08:14:55,733 [INFO] WebApp:157 - Instantiating new browser for Auth
2023-11-21 08:14:56,186 [INFO] WebApp:753 - Register for checkConnection events
2023-11-21 08:14:56,187 [INFO] WebApp:390 - Apply proxy settings
2023-11-21 08:14:56,187 [INFO] WebApp:475 - Chromium requires no authentication
2023-11-21 08:14:56,193 [INFO] WebApp:418 - Direct internet connection detected
2023-11-21 08:14:56,326 [INFO] WebApp:188 - Starting web application
2023-11-21 08:14:56,327 [INFO] WebApp:520 - Web application path used C:\ST\STM32CubeIDE_1.13.2\STM32CubeIDE\plugins\com.st.stm32cube.common.mx_6.9.2.202309101412\db\plugins\mcufinder\reactClient1\index.html
2023-11-21 08:14:56,714 [WARN] PackLoader:240 - Cannot read IP mode file for STMicroelectronics.X-CUBE-SMBUS.2.1.0
2023-11-21 08:14:56,750 [WARN] PackLoader:240 - Cannot read IP mode file for STMicroelectronics.X-CUBE-AZRTOS-F7.1.1.0
2023-11-21 08:14:56,760 [WARN] PackLoader:240 - Cannot read IP mode file for STMicroelectronics.FP-SNS-MOTENV1.4.3.2
2023-11-21 08:14:56,766 [WARN] PackLoader:240 - Cannot read IP mode file for STMicroelectronics.FP-SNS-FLIGHT1.5.0.2
2023-11-21 08:14:56,776 [WARN] PackLoader:240 - Cannot read IP mode file for STMicroelectronics.X-CUBE-DISPLAY.3.0.0
2023-11-21 08:14:56,791 [WARN] PackLoader:240 - Cannot read IP mode file for STMicroelectronics.X-CUBE-BLE1.7.0.0
2023-11-21 08:14:56,799 [WARN] PackLoader:240 - Cannot read IP mode file for emotas.I-CUBE-CANOPEN.1.3.0
2023-11-21 08:14:56,806 [WARN] PackLoader:240 - Cannot read IP mode file for STMicroelectronics.X-CUBE-TOUCHGFX.4.22.1
2023-11-21 08:14:56,811 [WARN] PackLoader:240 - Cannot read IP mode file for STMicroelectronics.FP-SNS-SMARTAG2.1.2.0
2023-11-21 08:14:56,823 [INFO] LogOutputStream:77 - [STDOUT_REDIRECT] 1 : Invalid condition id : UX_CORESTACK_Condition cause : null
2023-11-21 08:14:56,824 [INFO] LogOutputStream:77 - [STDOUT_REDIRECT] 1 : Invalid condition id : UX_CORESTACK_Condition cause : null
2023-11-21 08:14:56,825 [INFO] LogOutputStream:77 - [STDOUT_REDIRECT] 1 : Invalid condition id : UX_CORESTACK_Condition cause : null
2023-11-21 08:14:56,825 [INFO] LogOutputStream:77 - [STDOUT_REDIRECT] 1 : Invalid condition id : UX_CORESTACK_Condition cause : null
2023-11-21 08:14:56,827 [INFO] LogOutputStream:77 - [STDOUT_REDIRECT] 1 : Invalid condition id : UX_CORESTACK_Condition cause : null
2023-11-21 08:14:56,831 [WARN] PackLoader:240 - Cannot read IP mode file for STMicroelectronics.X-CUBE-AZRTOS-WL.2.0.0
2023-11-21 08:14:56,838 [WARN] PackLoader:240 - Cannot read IP mode file for WES.I-CUBE-Cesium.1.3.0
2023-11-21 08:14:56,844 [WARN] PackLoader:240 - Cannot read IP mode file for STMicroelectronics.X-CUBE-BLE2.3.3.0
2023-11-21 08:14:56,849 [WARN] PackLoader:240 - Cannot read IP mode file for STMicroelectronics.X-CUBE-ALGOBUILD.1.3.0
2023-11-21 08:14:56,868 [WARN] PackLoader:240 - Cannot read IP mode file for STMicroelectronics.X-CUBE-AZRTOS-G0.1.1.0
2023-11-21 08:14:56,877 [WARN] PackLoader:240 - Cannot read IP mode file for STMicroelectronics.X-CUBE-NFC4.3.0.0
2023-11-21 08:14:56,899 [WARN] PackLoader:240 - Cannot read IP mode file for STMicroelectronics.X-CUBE-BLEMGR.3.0.0
2023-11-21 08:14:56,908 [WARN] PackLoader:240 - Cannot read IP mode file for STMicroelectronics.FP-ATR-SIGFOX1.3.2.0
2023-11-21 08:14:56,916 [WARN] PackLoader:240 - Cannot read IP mode file for STMicroelectronics.X-CUBE-GNSS1.6.0.0
2023-11-21 08:14:56,938 [WARN] PackLoader:240 - Cannot read IP mode file for STMicroelectronics.X-CUBE-AZRTOS-F4.1.1.0
2023-11-21 08:14:56,957 [WARN] PackLoader:240 - Cannot read IP mode file for wolfSSL.I-CUBE-wolfSSL.5.6.4
2023-11-21 08:14:56,984 [WARN] PackLoader:240 - Cannot read IP mode file for STMicroelectronics.X-CUBE-AZRTOS-L5.2.0.0
2023-11-21 08:14:57,005 [WARN] PackLoader:240 - Cannot read IP mode file for STMicroelectronics.X-CUBE-EEPRMA1.4.2.0
2023-11-21 08:14:57,013 [WARN] PackLoader:240 - Cannot read IP mode file for ITTIA_DB.I-CUBE-ITTIADB.8.8.0
2023-11-21 08:14:57,028 [WARN] ConditionMgr:438 - getConditionDescription Invalid condition id : UX DEVICE CLASS RTOS Condition cause : null
2023-11-21 08:14:57,028 [WARN] ConditionMgr:438 - getConditionDescription Invalid condition id : UX DEVICE CLASS RTOS Condition cause : null
2023-11-21 08:14:57,032 [WARN] PackLoader:240 - Cannot read IP mode file for STMicroelectronics.X-CUBE-AZRTOS-H7.3.1.0
2023-11-21 08:14:57,034 [WARN] ConditionMgr:1039 - genDependencies : Invalid condition id : UX DEVICE CLASS RTOS Condition cause : null
2023-11-21 08:14:57,035 [WARN] ConditionMgr:1039 - genDependencies : Invalid condition id : UX DEVICE CLASS RTOS Condition cause : null
2023-11-21 08:14:57,036 [WARN] ConditionMgr:1039 - genDependencies : Invalid condition id : UX DEVICE CLASS RTOS Condition cause : null
2023-11-21 08:14:57,036 [WARN] ConditionMgr:1039 - genDependencies : Invalid condition id : UX DEVICE CLASS RTOS Condition cause : null
2023-11-21 08:14:57,036 [WARN] ConditionMgr:1039 - genDependencies : Invalid condition id : UX DEVICE CLASS RTOS Condition cause : null
2023-11-21 08:14:57,044 [WARN] PackLoader:240 - Cannot read IP mode file for STMicroelectronics.X-CUBE-NFC7.1.0.1
2023-11-21 08:14:57,054 [WARN] PackLoader:240 - Cannot read IP mode file for STMicroelectronics.X-CUBE-NFC6.3.0.0
2023-11-21 08:14:57,062 [WARN] PackLoader:240 - Cannot read IP mode file for STMicroelectronics.X-CUBE-AI.8.1.0
2023-11-21 08:14:57,081 [WARN] ConditionMgr:438 - getConditionDescription Invalid condition id : LAN8742 Phy interface Condition cause : null
2023-11-21 08:14:57,082 [WARN] PackLoader:240 - Cannot read IP mode file for STMicroelectronics.X-CUBE-AZRTOS-L4.2.0.0
2023-11-21 08:14:57,084 [WARN] ConditionMgr:1039 - genDependencies : Invalid condition id : LAN8742 Phy interface Condition cause : null
2023-11-21 08:14:57,084 [WARN] ConditionMgr:1039 - genDependencies : Invalid condition id : LAN8742 Phy interface Condition cause : null
2023-11-21 08:14:57,084 [WARN] ConditionMgr:1039 - genDependencies : Invalid condition id : LAN8742 Phy interface Condition cause : null
2023-11-21 08:14:57,091 [WARN] PackLoader:240 - Cannot read IP mode file for STMicroelectronics.X-CUBE-SFXS2LP1.4.0.0
2023-11-21 08:14:57,096 [WARN] PackLoader:240 - Cannot read IP mode file for STMicroelectronics.X-CUBE-ISPU.1.1.0
2023-11-21 08:14:57,105 [WARN] ConditionMgr:438 - getConditionDescription Invalid condition id : UX DEVICE CLASS RTOS Condition cause : null
2023-11-21 08:14:57,105 [WARN] ConditionMgr:438 - getConditionDescription Invalid condition id : UX DEVICE CLASS RTOS Condition cause : null
2023-11-21 08:14:57,107 [WARN] PackLoader:240 - Cannot read IP mode file for STMicroelectronics.X-CUBE-AZRTOS-WB.2.0.0
2023-11-21 08:14:57,107 [WARN] ConditionMgr:1039 - genDependencies : Invalid condition id : UX DEVICE CLASS RTOS Condition cause : null
2023-11-21 08:14:57,108 [WARN] ConditionMgr:1039 - genDependencies : Invalid condition id : UX DEVICE CLASS RTOS Condition cause : null
2023-11-21 08:14:57,108 [WARN] ConditionMgr:1039 - genDependencies : Invalid condition id : UX DEVICE CLASS RTOS Condition cause : null
2023-11-21 08:14:57,108 [WARN] ConditionMgr:1039 - genDependencies : Invalid condition id : UX DEVICE CLASS RTOS Condition cause : null
2023-11-21 08:14:57,108 [WARN] ConditionMgr:1039 - genDependencies : Invalid condition id : UX DEVICE CLASS RTOS Condition cause : null
2023-11-21 08:14:57,116 [WARN] PackLoader:240 - Cannot read IP mode file for STMicroelectronics.X-CUBE-SUBG2.5.0.0
2023-11-21 08:14:57,128 [WARN] PackLoader:240 - Cannot read IP mode file for STMicroelectronics.X-CUBE-TOF1.3.3.1
2023-11-21 08:14:57,148 [WARN] PackLoader:240 - Cannot read IP mode file for STMicroelectronics.X-CUBE-AZRTOS-G4.2.0.0
2023-11-21 08:14:57,171 [WARN] PackLoader:240 - Cannot read IP mode file for Infineon.AIROC-Wi-Fi-Bluetooth-STM32.1.5.1
2023-11-21 08:14:57,177 [WARN] PackLoader:240 - Cannot read IP mode file for STMicroelectronics.FP-SNS-MOTENVWB1.1.3.0
2023-11-21 08:14:57,210 [WARN] PackLoader:240 - Cannot read IP mode file for STMicroelectronics.X-CUBE-MEMS1.10.0.0
2023-11-21 08:14:57,340 [WARN] PackLoader:240 - Cannot read IP mode file for STMicroelectronics.X-CUBE-FREERTOS.1.1.0
2023-11-21 08:14:57,347 [WARN] PackLoader:240 - Cannot read IP mode file for portGmbH.I-Cube-SoM-uGOAL.1.1.0
2023-11-21 08:14:57,351 [WARN] PackLoader:240 - Cannot read IP mode file for STMicroelectronics.X-CUBE-ALS.1.0.1
2023-11-21 08:14:57,356 [WARN] PackLoader:240 - Cannot read IP mode file for STMicroelectronics.FP-ATR-ASTRA1.2.0.0
2023-11-21 08:14:57,357 [INFO] ThirdParty:978 - Integrity check success = true
2023-11-21 08:14:57,357 [INFO] IntegrityCheckThread:100 - exiting critical section [integrity check]
2023-11-21 08:14:57,357 [INFO] IntegrityCheckThread:103 - End integrity checks thread
2023-11-21 08:15:16,897 [ERROR] LogOutputStream:75 - [STDERR_REDIRECT] SLF4J: Failed to load class "org.slf4j.impl.StaticLoggerBinder".
2023-11-21 08:15:16,897 [ERROR] LogOutputStream:75 - [STDERR_REDIRECT] SLF4J: Defaulting to no-operation (NOP) logger implementation
2023-11-21 08:15:16,898 [ERROR] LogOutputStream:75 - [STDERR_REDIRECT] SLF4J: See http://www.slf4j.org/codes.html#StaticLoggerBinder for further details.
2023-11-21 08:16:08,900 [INFO] McuFinderGlobals:63 - Set McuFinder mode to 2 (CubeIDE integrated)
2023-11-21 08:16:08,904 [INFO] MainUpdater:2868 - connection check result : 10
2023-11-21 08:16:09,181 [INFO] ApiDb:581 - Connected to CubeFinder SQLite database (C:\Users\Admin\.stmcufinder\plugins\mcufinder\mcu\cube-finder-db.db)
2023-11-21 08:16:09,253 [INFO] ApiDb:668 - CubeFinder database Data Model version=2.1
2023-11-21 08:16:09,254 [INFO] ApiDb:669 - CubeFinder database Configuration version=3.0.37
2023-11-21 08:16:09,254 [INFO] ApiDb:670 - CubeFinder database generation date=2023-10-13 (1697197505)
2023-11-21 08:16:09,254 [INFO] ApiDb:671 - CubeFinder database FW Pack versions=[FP-ATR-ASTRA1_V2.0.0, FP-SNS-FLIGHT1_V5.0.1, FP-SNS-FLIGHT1_V5.0.2, FP-SNS-MOTENV1_V4.3.1, FP-SNS-MOTENV1_V4.3.2, FP-SNS-SMARTAG2_V1.2.0, I-CUBE-ITTIADB_V8.6.3-1, STM32Cube_FW_C0_V1.1.0, STM32Cube_FW_F4_V1.27.1, STM32Cube_FW_F7_V1.17.0, STM32Cube_FW_G0_V1.6.1, STM32Cube_FW_G4_V1.5.1, STM32Cube_FW_H5_V0.5.1, STM32Cube_FW_H5_V1.1.1, STM32Cube_FW_H7_V1.11.0, STM32Cube_FW_L0_V1.12.2, STM32Cube_FW_L5_V1.5.0, STM32Cube_FW_U5_V1.3.0, STM32Cube_FW_U5_V1.3.0RC4, STM32Cube_FW_WBA_V1.0.0RC1, STM32Cube_FW_WBA_V1.1.0RC1, STM32Cube_FW_WBA_V1.1.1, STM32Cube_FW_WB_V1.15.0RC1, STM32Cube_FW_WB_V1.16.0, STM32Cube_FW_WB_V1.16.0RC2, STM32Cube_FW_WB_V1.17.3, STM32Cube_FW_WL_V1.3.0, X-CUBE-ALGOBUILD_V1.3.0, X-CUBE-ALS_V1.0.1, X-CUBE-AZRTOS-F4_V1.1.0, X-CUBE-AZRTOS-F7_V1.1.0, X-CUBE-AZRTOS-G0_V1.1.0, X-CUBE-AZRTOS-G4_V2.0.0, X-CUBE-AZRTOS-H7_V3.1.0, X-CUBE-AZRTOS-L4_V1.0.0, X-CUBE-AZRTOS-L4_V2.0.0, X-CUBE-AZRTOS-L5_V1.1.0, X-CUBE-AZRTOS-WB_V2.0.0, X-CUBE-AZRTOS-WL_V2.0.0, X-CUBE-BLE1_V7.0.0, X-CUBE-BLE2_V3.3.0, X-CUBE-BLEMGR_V2.0.0, X-CUBE-EEPRMA1_V4.1.0, X-CUBE-FREERTOS_V1.1.0, X-CUBE-GNSS1_V6.0.0, X-CUBE-MEMS1_V10.0.0, X-CUBE-MEMS1_V9.1.0, X-CUBE-MEMS1_V9.4.0, X-CUBE-MEMS1_V9.6.0, X-CUBE-NFC4_V3.0.0, X-CUBE-NFC7_V1.0.1, X-CUBE-SFXS2LP1_V4.0.0, X-CUBE-SUBG2_V5.0.0, X-CUBE-TOF1_V3.3.1]
2023-11-21 08:16:09,361 [INFO] DbBoardsSqlite:226 - include board P-NUCLEO-WB55-NUCLEO as a kit item of type 'Nucleo-64'
2023-11-21 08:16:09,361 [INFO] DbBoardsSqlite:226 - include board P-NUCLEO-WB55-USBDONGLE as a kit item of type 'Nucleo USB Dongle'
2023-11-21 08:16:09,362 [INFO] DbBoardsSqlite:226 - include board STEVAL-IDP005V1 as a kit item of type 'Evaluation Board'
2023-11-21 08:16:09,362 [INFO] DbBoardsSqlite:226 - include board STEVAL-IDP005V2 as a kit item of type 'Evaluation Board'
2023-11-21 08:16:09,592 [INFO] ApiDb:240 - Found 323 in-development CPN: [B-G473E-ZEST1S, B-WB1M-WPAN1, B-WL5M-SUBG1, NUCLEO-C031C6, NUCLEO-H503RB, NUCLEO-H563ZI, NUCLEO-U545RE-Q, NUCLEO-U5A5ZJ-Q, NUCLEO-WBA52CG, STEVAL-PROTEUS1, STEVAL-SMARTAG2, STEVAL-STWINBX1, STM320518-EVAL, STM32C0116-DK, STM32C011D6Y3TR, STM32C011D6Y6TR, STM32C011F4P3, STM32C011F4P6, STM32C011F4U3, STM32C011F4U6TR, STM32C011F6P3, STM32C011F6P6, STM32C011F6U3, STM32C011F6U6TR, STM32C011J4M3, STM32C011J4M6, STM32C011J6M3, STM32C011J6M6, STM32C0316-DK, STM32C031C4T3, STM32C031C4T6, STM32C031C4U3, STM32C031C4U6, STM32C031C6T3, STM32C031C6T6, STM32C031C6U3, STM32C031C6U6, STM32C031F4P3, STM32C031F4P6, STM32C031F6P3, STM32C031F6P6, STM32C031G4U3, STM32C031G4U6, STM32C031G6U3, STM32C031G6U6, STM32C031K4T3, STM32C031K4T6, STM32C031K4U3, STM32C031K4U6, STM32C031K6T3, STM32C031K6T6, STM32C031K6U3, STM32C031K6U6, STM32G071K8TXN, STM32G071K8UXN, STM32G081GBU6N, STM32G081KBT6N, STM32G081KBUXN, STM32G0B1CCT6N, STM32G0B1KCT6, STM32G0B1NEY6TR, STM32G0B1RCT6N, STM32G0C1CCT6, STM32G0C1CCT6N, STM32G0C1CCU6N, STM32G0C1CET6N, STM32G0C1CEU6N, STM32G0C1KCT6, STM32G0C1NEY6TR, STM32G0C1RCI6N, STM32G0C1RCT6N, STM32G0C1REI6N, STM32G0C1RET6N, STM32G0C1VCI6, STM32G0C1VEI6, STM32G471CCT6, STM32G471CCU6, STM32G471CET3, STM32G471CET6, STM32G471CEU3, STM32G471CEU6, STM32G471MCT6, STM32G471MET3, STM32G471MET6, STM32G471MEY6TR, STM32G471QCT6, STM32G471QET3, STM32G471RCT6, STM32G471RET3, STM32G471RET6, STM32G471VCH6, STM32G471VCI6, STM32G471VCT6, STM32G471VEH3, STM32G471VEH6, STM32G471VEI3, STM32G471VEI6, STM32G471VET3, STM32G471VET6, STM32G474CCT6, STM32H503CBT6, STM32H503CBU6, STM32H503EBY6TR, STM32H503KBU6, STM32H503RBT6, STM32H562AGI6, STM32H562AII6, STM32H562IGK6, STM32H562IGT6, STM32H562IIK6, STM32H562IIT6, STM32H562RGT6, STM32H562RGV6, STM32H562RIT6, STM32H562RIV6, STM32H562VGT6, STM32H562VIT6, STM32H562ZGT6, STM32H562ZIT6, STM32H563AGI6, STM32H563AII3Q, STM32H563AII6, STM32H563IGK6, STM32H563IGT6, STM32H563IIK3Q, STM32H563IIK6, STM32H563IIT3Q, STM32H563IIT6, STM32H563MIY3QTR, STM32H563RGT6, STM32H563RGV6, STM32H563RIT6, STM32H563RIV6, STM32H563VGT6, STM32H563VIT3Q, STM32H563VIT6, STM32H563ZGT6, STM32H563ZIT3Q, STM32H563ZIT6, STM32H573AII3Q, STM32H573AII6, STM32H573I-DK, STM32H573IIK3Q, STM32H573IIK6, STM32H573IIT3Q, STM32H573IIT6, STM32H573MIY3QTR, STM32H573RIT6, STM32H573RIV6, STM32H573VIT3Q, STM32H573VIT6, STM32H573ZIT3Q, STM32H573ZIT6, STM32L4R5QGI6STR, STM32MP131AAE3, STM32MP131AAF3, STM32MP131AAG3, STM32MP131CAE3, STM32MP131CAF3, STM32MP131CAG3, STM32MP131DAE7, STM32MP131DAF7, STM32MP131DAG7, STM32MP131FAE7, STM32MP131FAF7, STM32MP131FAG7, STM32MP133AAE3, STM32MP133AAF3, STM32MP133AAG3, STM32MP133CAE3, STM32MP133CAF3, STM32MP133CAG3, STM32MP133DAE7, STM32MP133DAF7, STM32MP133DAG7, STM32MP133FAE7, STM32MP133FAF7, STM32MP133FAG7, STM32MP135AAE3, STM32MP135AAF3, STM32MP135AAG3, STM32MP135CAE3, STM32MP135CAF3, STM32MP135CAG3, STM32MP135DAE7, STM32MP135DAF7, STM32MP135DAG7, STM32MP135F-DK, STM32MP135FAE7, STM32MP135FAF7, STM32MP135FAF7T, STM32MP135FAF7U, STM32MP135FAG7, STM32U535CBT6, STM32U535CBT6Q, STM32U535CBU6, STM32U535CBU6Q, STM32U535CCT6, STM32U535CCT6Q, STM32U535CCU6, STM32U535CCU6Q, STM32U535CET6, STM32U535CET6Q, STM32U535CEU6, STM32U535CEU6Q, STM32U535JEY6QTR, STM32U535NCY6QTR, STM32U535NEY6QTR, STM32U535RBI6, STM32U535RBI6Q, STM32U535RBT6, STM32U535RBT6Q, STM32U535RCI6, STM32U535RCI6Q, STM32U535RCT6, STM32U535RCT6Q, STM32U535REI6, STM32U535REI6Q, STM32U535RET6, STM32U535RET6Q, STM32U535VCI6, STM32U535VCI6Q, STM32U535VCT6, STM32U535VCT6Q, STM32U535VEI6, STM32U535VEI6Q, STM32U535VET6, STM32U535VET6Q, STM32U545CET6, STM32U545CET6Q, STM32U545CEU6, STM32U545CEU6Q, STM32U545JEY6QTR, STM32U545NEY6QTR, STM32U545REI6, STM32U545REI6Q, STM32U545RET6, STM32U545RET6Q, STM32U545VEI6, STM32U545VEI6Q, STM32U545VET6, STM32U545VET6Q, STM32U595AIH6, STM32U595AIH6Q, STM32U595AJH6, STM32U595AJH6Q, STM32U595QII6, STM32U595QII6Q, STM32U595QJI6, STM32U595QJI6Q, STM32U595RIT6, STM32U595RIT6Q, STM32U595RJT6, STM32U595RJT6Q, STM32U595VIT6, STM32U595VIT6Q, STM32U595VJT6, STM32U595VJT6Q, STM32U595ZIT6, STM32U595ZIT6Q, STM32U595ZIY6QTR, STM32U595ZJT6, STM32U595ZJT6Q, STM32U595ZJY6QTR, STM32U599BJY6QTR, STM32U599NIH6Q, STM32U599NJH6Q, STM32U599VIT6Q, STM32U599VJT6, STM32U599VJT6Q, STM32U599ZIT6Q, STM32U599ZIY6QTR, STM32U599ZJT6Q, STM32U599ZJY6QTR, STM32U5A5AJH6, STM32U5A5AJH6Q, STM32U5A5QJI6, STM32U5A5QJI6Q, STM32U5A5RJT6, STM32U5A5RJT6Q, STM32U5A5VJT6, STM32U5A5VJT6Q, STM32U5A5ZJT6, STM32U5A5ZJT6Q, STM32U5A5ZJY6QTR, STM32U5A9BJY6QTR, STM32U5A9J-DK, STM32U5A9NJH6Q, STM32U5A9VJT6Q, STM32U5A9ZJT6Q, STM32U5A9ZJY6QTR, STM32U5F7VIT6, STM32U5F7VIT6Q, STM32U5F7VJT6, STM32U5F7VJT6Q, STM32U5F9BJY6QTR, STM32U5F9NJH6Q, STM32U5F9VIT6Q, STM32U5F9VJT6Q, STM32U5F9ZIJ6QTR, STM32U5F9ZIT6Q, STM32U5F9ZJJ6QTR, STM32U5F9ZJT6Q, STM32U5G7VJT6, STM32U5G7VJT6Q, STM32U5G9BJY6QTR, STM32U5G9J-DK1, STM32U5G9J-DK2, STM32U5G9NJH6Q, STM32U5G9VJT6Q, STM32U5G9ZJJ6QTR, STM32U5G9ZJT6Q, STM32WB1MMCH6, STM32WBA52CEU6, STM32WBA52CEU6T, STM32WBA52CGU6, STM32WBA52CGU6T, STM32WBA52KEU6, STM32WBA52KEU6T, STM32WBA52KGU6, STM32WBA52KGU6T, STM32WL5MOCH6, STM32WL5MOCH6TR]
2023-11-21 08:16:09,663 [INFO] BoardInfo:880 - No configuration file found for board P-NUCLEO-WB55
2023-11-21 08:16:09,663 [INFO] DbBoards:157 - Kit is not supported: P-NUCLEO-WB55
2023-11-21 08:16:09,666 [INFO] BoardInfo:880 - No configuration file found for board STEVAL-BFA001V1B
2023-11-21 08:16:09,666 [INFO] DbBoards:157 - Kit is not supported: STEVAL-BFA001V1B
2023-11-21 08:16:09,667 [INFO] BoardInfo:880 - No configuration file found for board STEVAL-BFA001V2B
2023-11-21 08:16:09,667 [INFO] DbBoards:157 - Kit is not supported: STEVAL-BFA001V2B
2023-11-21 08:16:09,779 [INFO] DbBoards:161 - Found 190 boards, 187 are supported
2023-11-21 08:16:09,782 [INFO] ApiDb:668 - CubeFinder database Data Model version=2.1
2023-11-21 08:16:09,782 [INFO] ApiDb:669 - CubeFinder database Configuration version=3.0.37
2023-11-21 08:16:09,782 [INFO] ApiDb:670 - CubeFinder database generation date=2023-10-13 (1697197505)
2023-11-21 08:16:09,782 [INFO] ApiDb:671 - CubeFinder database FW Pack versions=[FP-ATR-ASTRA1_V2.0.0, FP-SNS-FLIGHT1_V5.0.1, FP-SNS-FLIGHT1_V5.0.2, FP-SNS-MOTENV1_V4.3.1, FP-SNS-MOTENV1_V4.3.2, FP-SNS-SMARTAG2_V1.2.0, I-CUBE-ITTIADB_V8.6.3-1, STM32Cube_FW_C0_V1.1.0, STM32Cube_FW_F4_V1.27.1, STM32Cube_FW_F7_V1.17.0, STM32Cube_FW_G0_V1.6.1, STM32Cube_FW_G4_V1.5.1, STM32Cube_FW_H5_V0.5.1, STM32Cube_FW_H5_V1.1.1, STM32Cube_FW_H7_V1.11.0, STM32Cube_FW_L0_V1.12.2, STM32Cube_FW_L5_V1.5.0, STM32Cube_FW_U5_V1.3.0, STM32Cube_FW_U5_V1.3.0RC4, STM32Cube_FW_WBA_V1.0.0RC1, STM32Cube_FW_WBA_V1.1.0RC1, STM32Cube_FW_WBA_V1.1.1, STM32Cube_FW_WB_V1.15.0RC1, STM32Cube_FW_WB_V1.16.0, STM32Cube_FW_WB_V1.16.0RC2, STM32Cube_FW_WB_V1.17.3, STM32Cube_FW_WL_V1.3.0, X-CUBE-ALGOBUILD_V1.3.0, X-CUBE-ALS_V1.0.1, X-CUBE-AZRTOS-F4_V1.1.0, X-CUBE-AZRTOS-F7_V1.1.0, X-CUBE-AZRTOS-G0_V1.1.0, X-CUBE-AZRTOS-G4_V2.0.0, X-CUBE-AZRTOS-H7_V3.1.0, X-CUBE-AZRTOS-L4_V1.0.0, X-CUBE-AZRTOS-L4_V2.0.0, X-CUBE-AZRTOS-L5_V1.1.0, X-CUBE-AZRTOS-WB_V2.0.0, X-CUBE-AZRTOS-WL_V2.0.0, X-CUBE-BLE1_V7.0.0, X-CUBE-BLE2_V3.3.0, X-CUBE-BLEMGR_V2.0.0, X-CUBE-EEPRMA1_V4.1.0, X-CUBE-FREERTOS_V1.1.0, X-CUBE-GNSS1_V6.0.0, X-CUBE-MEMS1_V10.0.0, X-CUBE-MEMS1_V9.1.0, X-CUBE-MEMS1_V9.4.0, X-CUBE-MEMS1_V9.6.0, X-CUBE-NFC4_V3.0.0, X-CUBE-NFC7_V1.0.1, X-CUBE-SFXS2LP1_V4.0.0, X-CUBE-SUBG2_V5.0.0, X-CUBE-TOF1_V3.3.1]
2023-11-21 08:16:11,220 [INFO] ApiDb:240 - Found 323 in-development CPN: [B-G473E-ZEST1S, B-WB1M-WPAN1, B-WL5M-SUBG1, NUCLEO-C031C6, NUCLEO-H503RB, NUCLEO-H563ZI, NUCLEO-U545RE-Q, NUCLEO-U5A5ZJ-Q, NUCLEO-WBA52CG, STEVAL-PROTEUS1, STEVAL-SMARTAG2, STEVAL-STWINBX1, STM320518-EVAL, STM32C0116-DK, STM32C011D6Y3TR, STM32C011D6Y6TR, STM32C011F4P3, STM32C011F4P6, STM32C011F4U3, STM32C011F4U6TR, STM32C011F6P3, STM32C011F6P6, STM32C011F6U3, STM32C011F6U6TR, STM32C011J4M3, STM32C011J4M6, STM32C011J6M3, STM32C011J6M6, STM32C0316-DK, STM32C031C4T3, STM32C031C4T6, STM32C031C4U3, STM32C031C4U6, STM32C031C6T3, STM32C031C6T6, STM32C031C6U3, STM32C031C6U6, STM32C031F4P3, STM32C031F4P6, STM32C031F6P3, STM32C031F6P6, STM32C031G4U3, STM32C031G4U6, STM32C031G6U3, STM32C031G6U6, STM32C031K4T3, STM32C031K4T6, STM32C031K4U3, STM32C031K4U6, STM32C031K6T3, STM32C031K6T6, STM32C031K6U3, STM32C031K6U6, STM32G071K8TXN, STM32G071K8UXN, STM32G081GBU6N, STM32G081KBT6N, STM32G081KBUXN, STM32G0B1CCT6N, STM32G0B1KCT6, STM32G0B1NEY6TR, STM32G0B1RCT6N, STM32G0C1CCT6, STM32G0C1CCT6N, STM32G0C1CCU6N, STM32G0C1CET6N, STM32G0C1CEU6N, STM32G0C1KCT6, STM32G0C1NEY6TR, STM32G0C1RCI6N, STM32G0C1RCT6N, STM32G0C1REI6N, STM32G0C1RET6N, STM32G0C1VCI6, STM32G0C1VEI6, STM32G471CCT6, STM32G471CCU6, STM32G471CET3, STM32G471CET6, STM32G471CEU3, STM32G471CEU6, STM32G471MCT6, STM32G471MET3, STM32G471MET6, STM32G471MEY6TR, STM32G471QCT6, STM32G471QET3, STM32G471RCT6, STM32G471RET3, STM32G471RET6, STM32G471VCH6, STM32G471VCI6, STM32G471VCT6, STM32G471VEH3, STM32G471VEH6, STM32G471VEI3, STM32G471VEI6, STM32G471VET3, STM32G471VET6, STM32G474CCT6, STM32H503CBT6, STM32H503CBU6, STM32H503EBY6TR, STM32H503KBU6, STM32H503RBT6, STM32H562AGI6, STM32H562AII6, STM32H562IGK6, STM32H562IGT6, STM32H562IIK6, STM32H562IIT6, STM32H562RGT6, STM32H562RGV6, STM32H562RIT6, STM32H562RIV6, STM32H562VGT6, STM32H562VIT6, STM32H562ZGT6, STM32H562ZIT6, STM32H563AGI6, STM32H563AII3Q, STM32H563AII6, STM32H563IGK6, STM32H563IGT6, STM32H563IIK3Q, STM32H563IIK6, STM32H563IIT3Q, STM32H563IIT6, STM32H563MIY3QTR, STM32H563RGT6, STM32H563RGV6, STM32H563RIT6, STM32H563RIV6, STM32H563VGT6, STM32H563VIT3Q, STM32H563VIT6, STM32H563ZGT6, STM32H563ZIT3Q, STM32H563ZIT6, STM32H573AII3Q, STM32H573AII6, STM32H573I-DK, STM32H573IIK3Q, STM32H573IIK6, STM32H573IIT3Q, STM32H573IIT6, STM32H573MIY3QTR, STM32H573RIT6, STM32H573RIV6, STM32H573VIT3Q, STM32H573VIT6, STM32H573ZIT3Q, STM32H573ZIT6, STM32L4R5QGI6STR, STM32MP131AAE3, STM32MP131AAF3, STM32MP131AAG3, STM32MP131CAE3, STM32MP131CAF3, STM32MP131CAG3, STM32MP131DAE7, STM32MP131DAF7, STM32MP131DAG7, STM32MP131FAE7, STM32MP131FAF7, STM32MP131FAG7, STM32MP133AAE3, STM32MP133AAF3, STM32MP133AAG3, STM32MP133CAE3, STM32MP133CAF3, STM32MP133CAG3, STM32MP133DAE7, STM32MP133DAF7, STM32MP133DAG7, STM32MP133FAE7, STM32MP133FAF7, STM32MP133FAG7, STM32MP135AAE3, STM32MP135AAF3, STM32MP135AAG3, STM32MP135CAE3, STM32MP135CAF3, STM32MP135CAG3, STM32MP135DAE7, STM32MP135DAF7, STM32MP135DAG7, STM32MP135F-DK, STM32MP135FAE7, STM32MP135FAF7, STM32MP135FAF7T, STM32MP135FAF7U, STM32MP135FAG7, STM32U535CBT6, STM32U535CBT6Q, STM32U535CBU6, STM32U535CBU6Q, STM32U535CCT6, STM32U535CCT6Q, STM32U535CCU6, STM32U535CCU6Q, STM32U535CET6, STM32U535CET6Q, STM32U535CEU6, STM32U535CEU6Q, STM32U535JEY6QTR, STM32U535NCY6QTR, STM32U535NEY6QTR, STM32U535RBI6, STM32U535RBI6Q, STM32U535RBT6, STM32U535RBT6Q, STM32U535RCI6, STM32U535RCI6Q, STM32U535RCT6, STM32U535RCT6Q, STM32U535REI6, STM32U535REI6Q, STM32U535RET6, STM32U535RET6Q, STM32U535VCI6, STM32U535VCI6Q, STM32U535VCT6, STM32U535VCT6Q, STM32U535VEI6, STM32U535VEI6Q, STM32U535VET6, STM32U535VET6Q, STM32U545CET6, STM32U545CET6Q, STM32U545CEU6, STM32U545CEU6Q, STM32U545JEY6QTR, STM32U545NEY6QTR, STM32U545REI6, STM32U545REI6Q, STM32U545RET6, STM32U545RET6Q, STM32U545VEI6, STM32U545VEI6Q, STM32U545VET6, STM32U545VET6Q, STM32U595AIH6, STM32U595AIH6Q, STM32U595AJH6, STM32U595AJH6Q, STM32U595QII6, STM32U595QII6Q, STM32U595QJI6, STM32U595QJI6Q, STM32U595RIT6, STM32U595RIT6Q, STM32U595RJT6, STM32U595RJT6Q, STM32U595VIT6, STM32U595VIT6Q, STM32U595VJT6, STM32U595VJT6Q, STM32U595ZIT6, STM32U595ZIT6Q, STM32U595ZIY6QTR, STM32U595ZJT6, STM32U595ZJT6Q, STM32U595ZJY6QTR, STM32U599BJY6QTR, STM32U599NIH6Q, STM32U599NJH6Q, STM32U599VIT6Q, STM32U599VJT6, STM32U599VJT6Q, STM32U599ZIT6Q, STM32U599ZIY6QTR, STM32U599ZJT6Q, STM32U599ZJY6QTR, STM32U5A5AJH6, STM32U5A5AJH6Q, STM32U5A5QJI6, STM32U5A5QJI6Q, STM32U5A5RJT6, STM32U5A5RJT6Q, STM32U5A5VJT6, STM32U5A5VJT6Q, STM32U5A5ZJT6, STM32U5A5ZJT6Q, STM32U5A5ZJY6QTR, STM32U5A9BJY6QTR, STM32U5A9J-DK, STM32U5A9NJH6Q, STM32U5A9VJT6Q, STM32U5A9ZJT6Q, STM32U5A9ZJY6QTR, STM32U5F7VIT6, STM32U5F7VIT6Q, STM32U5F7VJT6, STM32U5F7VJT6Q, STM32U5F9BJY6QTR, STM32U5F9NJH6Q, STM32U5F9VIT6Q, STM32U5F9VJT6Q, STM32U5F9ZIJ6QTR, STM32U5F9ZIT6Q, STM32U5F9ZJJ6QTR, STM32U5F9ZJT6Q, STM32U5G7VJT6, STM32U5G7VJT6Q, STM32U5G9BJY6QTR, STM32U5G9J-DK1, STM32U5G9J-DK2, STM32U5G9NJH6Q, STM32U5G9VJT6Q, STM32U5G9ZJJ6QTR, STM32U5G9ZJT6Q, STM32WB1MMCH6, STM32WBA52CEU6, STM32WBA52CEU6T, STM32WBA52CGU6, STM32WBA52CGU6T, STM32WBA52KEU6, STM32WBA52KEU6T, STM32WBA52KGU6, STM32WBA52KGU6T, STM32WL5MOCH6, STM32WL5MOCH6TR]
2023-11-21 08:16:11,225 [INFO] DbMcus:217 - Found 3848 MCUs, 3848 are supported
2023-11-21 08:16:11,226 [INFO] ApiDb:423 - Load user favorites file C:\Users\Admin/.stm32cubeide/favorites.mcus.txt: 0 item(s)
2023-11-21 08:16:11,226 [INFO] ApiDb:427 - User favorites MCUs=[]
2023-11-21 08:16:11,226 [INFO] DbMcus:223 - Set 0 / 0 favorites MCUs
2023-11-21 08:16:11,389 [INFO] ApiDb:414 - User favorites file not found: C:\Users\Admin/.stm32cubeide/favorites.boards.txt
2023-11-21 08:16:11,390 [INFO] DbBoards:190 - Set 0 / 0 favorites Boards
2023-11-21 08:16:11,390 [INFO] McuFinderGlobals:76 - Set McuFinderConnectedMode to true
2023-11-21 08:16:11,397 [INFO] MultiScanPanel:200 - Auto-refresh data requested => check proxy status ongoing
2023-11-21 08:16:11,400 [INFO] FinderPluginLoader:95 - Searching for filters in installed packs
2023-11-21 08:16:12,555 [INFO] LoadUrlFilesThread:185 - End of LoadServerUrlFiles without Thread
2023-11-21 08:16:12,562 [INFO] DetailPanel:341 - Set advertising image to C:/Users/Admin/STM32Cube/Repository/\en.prom-stm32h5-mcu-finder.jpg
2023-11-21 08:16:16,371 [INFO] MainUpdater:2868 - connection check result : 10
2023-11-21 08:16:16,434 [INFO] McuFinderGlobals:76 - Set McuFinderConnectedMode to true
2023-11-21 08:16:16,435 [INFO] MultiScanPanel:200 - Auto-refresh data requested => check proxy status ongoing
2023-11-21 08:16:16,435 [INFO] FinderPluginLoader:95 - Searching for filters in installed packs
2023-11-21 08:16:17,215 [INFO] LoadUrlFilesThread:185 - End of LoadServerUrlFiles without Thread
2023-11-21 08:16:17,215 [INFO] DetailPanel:341 - Set advertising image to C:/Users/Admin/STM32Cube/Repository/\en.prom-stm32h5-mcu-finder.jpg
2023-11-21 08:17:04,675 [INFO] MainUpdater:2868 - connection check result : 10
2023-11-21 08:17:04,675 [INFO] MainUpdater:2868 - connection check result : 10
2023-11-21 08:17:04,690 [INFO] MicroXplorer:468 - Change Database Path : 
2023-11-21 08:17:04,690 [INFO] MicroXplorer:498 - Change Database Version : DB.6.0.92
2023-11-21 08:17:04,695 [WARN] ThirdParty:871 - waiting for thirdparty lock release [close project]
2023-11-21 08:17:04,695 [INFO] ThirdParty:873 - entering critical section [close project]
2023-11-21 08:17:04,696 [INFO] ThirdParty:883 - exiting critical section [close project]
2023-11-21 08:17:04,698 [INFO] PinOutPanel:1499 - setPackage(No Configuration,No Configuration)
2023-11-21 08:17:04,707 [INFO] UtilMem:75 - Begin LoadConfig() Used Memory: 712084936 Bytes (981467136)
2023-11-21 08:17:04,708 [INFO] MicroXplorer:468 - Change Database Path : 
2023-11-21 08:17:04,708 [INFO] MicroXplorer:498 - Change Database Version : DB.6.0.92
2023-11-21 08:17:04,708 [INFO] OpenFileManager:308 - Change cursor
2023-11-21 08:17:04,793 [INFO] Mcu:1946 - Initializing MCU STM32F429BITx STM32F429BITx STM32F429BIT6
2023-11-21 08:17:06,541 [INFO] Context:659 - Trying to add GPIOservice into a context  which must be forbidden
2023-11-21 08:17:07,001 [INFO] ImportTextPane:194 - (OptionalMessage_ERROR) Unable to find key (Mcu.ThirdPartyNb) in loaded IOC file
2023-11-21 08:17:07,001 [INFO] ImportTextPane:194 - (OptionalMessage_ERROR) Unable to find key (Mcu.PinsNb) in loaded IOC file
2023-11-21 08:17:07,002 [INFO] ImportTextPane:194 - (OptionalMessage_ERROR) Unable to find key (Mcu.IPNb) in loaded IOC file
2023-11-21 08:17:07,090 [INFO] RtosManager:555 - Registered RTOS mode: class=CMSIS, group=RTOS, mode=CMSIS_V1, owner=FREERTOS
2023-11-21 08:17:07,090 [INFO] RtosManager:555 - Registered RTOS mode: class=CMSIS, group=RTOS2, mode=CMSIS_V2, owner=FREERTOS
2023-11-21 08:17:07,090 [INFO] RtosManager:555 - Registered RTOS mode: class=RTOS, group=Core, mode=CMSIS_V1, owner=FREERTOS
2023-11-21 08:17:07,091 [INFO] RtosManager:555 - Registered RTOS mode: class=RTOS, group=Core, mode=CMSIS_V2, owner=FREERTOS
2023-11-21 08:17:07,091 [WARN] ModelIntegratedComponent:184 - Missing modes for component STMicroelectronics:FreeRTOS:0.0.1:STMicroelectronics:RTOS:FreeRTOS:Core:::10.2.0:
2023-11-21 08:17:07,114 [WARN] ModelIntegratedComponent:63 - No mode defined for component null
2023-11-21 08:17:07,114 [WARN] ModelIntegratedComponent:63 - No mode defined for component null
2023-11-21 08:17:07,114 [WARN] ModelIntegratedComponent:63 - No mode defined for component null
2023-11-21 08:17:07,114 [WARN] ModelIntegratedComponent:63 - No mode defined for component null
2023-11-21 08:17:07,114 [WARN] ModelIntegratedComponent:63 - No mode defined for component null
2023-11-21 08:17:07,114 [WARN] ModelIntegratedComponent:63 - No mode defined for component null
2023-11-21 08:17:07,114 [WARN] ModelIntegratedComponent:63 - No mode defined for component null
2023-11-21 08:17:07,114 [WARN] ModelIntegratedComponent:63 - No mode defined for component null
2023-11-21 08:17:07,114 [WARN] ModelIntegratedComponent:63 - No mode defined for component null
2023-11-21 08:17:07,114 [WARN] ModelIntegratedComponent:63 - No mode defined for component null
2023-11-21 08:17:07,114 [WARN] ModelIntegratedComponent:63 - No mode defined for component null
2023-11-21 08:17:07,114 [WARN] ModelIntegratedComponent:63 - No mode defined for component null
2023-11-21 08:17:07,114 [WARN] ModelIntegratedComponent:63 - No mode defined for component null
2023-11-21 08:17:07,114 [WARN] ModelIntegratedComponent:63 - No mode defined for component null
2023-11-21 08:17:07,114 [WARN] ModelIntegratedComponent:63 - No mode defined for component null
2023-11-21 08:17:07,114 [WARN] ModelIntegratedComponent:63 - No mode defined for component null
2023-11-21 08:17:07,114 [WARN] ModelIntegratedComponent:63 - No mode defined for component null
2023-11-21 08:17:07,115 [WARN] ModelIntegratedComponent:63 - No mode defined for component null
2023-11-21 08:17:07,115 [WARN] ModelIntegratedComponent:63 - No mode defined for component null
2023-11-21 08:17:07,115 [WARN] ModelIntegratedComponent:63 - No mode defined for component null
2023-11-21 08:17:07,115 [WARN] ModelIntegratedComponent:63 - No mode defined for component null
2023-11-21 08:17:07,115 [WARN] ModelIntegratedComponent:63 - No mode defined for component null
2023-11-21 08:17:07,115 [WARN] ModelIntegratedComponent:63 - No mode defined for component null
2023-11-21 08:17:07,115 [WARN] ModelIntegratedComponent:63 - No mode defined for component null
2023-11-21 08:17:07,115 [WARN] ModelIntegratedComponent:63 - No mode defined for component null
2023-11-21 08:17:07,115 [WARN] ModelIntegratedComponent:63 - No mode defined for component null
2023-11-21 08:17:07,115 [WARN] ModelIntegratedComponent:63 - No mode defined for component null
2023-11-21 08:17:07,115 [WARN] ModelIntegratedComponent:63 - No mode defined for component null
2023-11-21 08:17:07,115 [WARN] ModelIntegratedComponent:63 - No mode defined for component null
2023-11-21 08:17:07,115 [WARN] ModelIntegratedComponent:63 - No mode defined for component null
2023-11-21 08:17:07,115 [WARN] ModelIntegratedComponent:63 - No mode defined for component null
2023-11-21 08:17:07,115 [WARN] ModelIntegratedComponent:63 - No mode defined for component null
2023-11-21 08:17:07,115 [WARN] ModelIntegratedComponent:63 - No mode defined for component null
2023-11-21 08:17:07,207 [INFO] ThirdPartyModel:298 - Start build external matchings
2023-11-21 08:17:07,437 [INFO] ThirdPartyModel:316 - End build external matchings
2023-11-21 08:17:07,809 [INFO] UtilMem:75 - End LoadConfig() Used Memory: 614570928 Bytes (1073741824)
2023-11-21 08:17:07,825 [WARN] ThirdParty:833 - waiting for thirdparty lock release [change project]
2023-11-21 08:17:07,825 [INFO] ThirdParty:835 - entering critical section [change project]
2023-11-21 08:17:07,826 [INFO] ThirdParty:1030 - CMSIS Pack Vendor :STMicroelectronics X-CUBE-ISPU 1.1.0
2023-11-21 08:17:07,826 [INFO] ThirdParty:1030 - CMSIS Pack Vendor :STMicroelectronics USBPD 4.1
2023-11-21 08:17:07,826 [INFO] ThirdParty:1030 - CMSIS Pack Vendor :STMicroelectronics X-CUBE-GNSS1 6.0.0
2023-11-21 08:17:07,826 [INFO] ThirdParty:1030 - CMSIS Pack Vendor :STMicroelectronics USB_HOST 2.0.0
2023-11-21 08:17:07,826 [INFO] ThirdParty:1030 - CMSIS Pack Vendor :STMicroelectronics X-CUBE-AZRTOS-F4 1.1.0
2023-11-21 08:17:07,826 [INFO] ThirdParty:1030 - CMSIS Pack Vendor :STMicroelectronics LIBJPEG 8.0.0
2023-11-21 08:17:07,826 [INFO] ThirdParty:1030 - CMSIS Pack Vendor :wolfSSL I-CUBE-wolfSSL 5.6.4
2023-11-21 08:17:07,826 [INFO] ThirdParty:1030 - CMSIS Pack Vendor :STMicroelectronics X-CUBE-SMBUS 2.1.0
2023-11-21 08:17:07,826 [INFO] ThirdParty:1030 - CMSIS Pack Vendor :STMicroelectronics USB_DEVICE 3.0.0
2023-11-21 08:17:07,827 [INFO] ThirdParty:1030 - CMSIS Pack Vendor :STMicroelectronics X-CUBE-AZRTOS-WB 2.0.0
2023-11-21 08:17:07,827 [INFO] ThirdParty:1030 - CMSIS Pack Vendor :STMicroelectronics X-CUBE-AZRTOS-F7 1.1.0
2023-11-21 08:17:07,827 [INFO] ThirdParty:1030 - CMSIS Pack Vendor :STMicroelectronics X-CUBE-AZRTOS-L5 2.0.0
2023-11-21 08:17:07,827 [INFO] ThirdParty:1030 - CMSIS Pack Vendor :STMicroelectronics USB_DEVICE 2.0.0
2023-11-21 08:17:07,827 [INFO] ThirdParty:1030 - CMSIS Pack Vendor :STMicroelectronics X-CUBE-EEPRMA1 4.2.0
2023-11-21 08:17:07,827 [INFO] ThirdParty:1030 - CMSIS Pack Vendor :ITTIA_DB I-CUBE-ITTIADB 8.8.0
2023-11-21 08:17:07,827 [INFO] ThirdParty:1030 - CMSIS Pack Vendor :STMicroelectronics FP-SNS-MOTENV1 4.3.2
2023-11-21 08:17:07,827 [INFO] ThirdParty:1030 - CMSIS Pack Vendor :STMicroelectronics X-CUBE-ALGOBUILD 1.3.0
2023-11-21 08:17:07,827 [INFO] ThirdParty:1030 - CMSIS Pack Vendor :STMicroelectronics FreeRTOS 0.0.1
2023-11-21 08:17:07,827 [INFO] ThirdParty:1030 - CMSIS Pack Vendor :STMicroelectronics X-CUBE-AZRTOS-G0 1.1.0
2023-11-21 08:17:07,827 [INFO] ThirdParty:1030 - CMSIS Pack Vendor :STMicroelectronics X-CUBE-NFC4 3.0.0
2023-11-21 08:17:07,827 [INFO] ThirdParty:1030 - CMSIS Pack Vendor :STMicroelectronics X-CUBE-SUBG2 5.0.0
2023-11-21 08:17:07,827 [INFO] ThirdParty:1030 - CMSIS Pack Vendor :STMicroelectronics STM32_WPAN 1.0.0
2023-11-21 08:17:07,827 [INFO] ThirdParty:1030 - CMSIS Pack Vendor :STMicroelectronics lwIP 2.0.3
2023-11-21 08:17:07,827 [INFO] ThirdParty:1030 - CMSIS Pack Vendor :STMicroelectronics FP-SNS-FLIGHT1 5.0.2
2023-11-21 08:17:07,827 [INFO] ThirdParty:1030 - CMSIS Pack Vendor :STMicroelectronics USB_HOST 1.0.0
2023-11-21 08:17:07,828 [INFO] ThirdParty:1030 - CMSIS Pack Vendor :STMicroelectronics X-CUBE-TOF1 3.3.1
2023-11-21 08:17:07,828 [INFO] ThirdParty:1030 - CMSIS Pack Vendor :STMicroelectronics X-CUBE-AZRTOS-G4 2.0.0
2023-11-21 08:17:07,828 [INFO] ThirdParty:1030 - CMSIS Pack Vendor :STMicroelectronics PDM2PCM 3.1.0
2023-11-21 08:17:07,828 [INFO] ThirdParty:1030 - CMSIS Pack Vendor :STMicroelectronics X-CUBE-AZRTOS-H7 3.1.0
2023-11-21 08:17:07,828 [INFO] ThirdParty:1030 - CMSIS Pack Vendor :Infineon AIROC-Wi-Fi-Bluetooth-STM32 1.5.1
2023-11-21 08:17:07,828 [INFO] ThirdParty:1030 - CMSIS Pack Vendor :STMicroelectronics X-CUBE-BLEMGR 3.0.0
2023-11-21 08:17:07,828 [INFO] ThirdParty:1030 - CMSIS Pack Vendor :STMicroelectronics PDM2PCM 3.3.0
2023-11-21 08:17:07,828 [INFO] ThirdParty:1030 - CMSIS Pack Vendor :STMicroelectronics X-CUBE-DISPLAY 3.0.0
2023-11-21 08:17:07,828 [INFO] ThirdParty:1030 - CMSIS Pack Vendor :STMicroelectronics FP-SNS-MOTENVWB1 1.3.0
2023-11-21 08:17:07,828 [INFO] ThirdParty:1030 - CMSIS Pack Vendor :STMicroelectronics X-CUBE-BLE1 7.0.0
2023-11-21 08:17:07,828 [INFO] ThirdParty:1030 - CMSIS Pack Vendor :STMicroelectronics FP-ATR-SIGFOX1 3.2.0
2023-11-21 08:17:07,828 [INFO] ThirdParty:1030 - CMSIS Pack Vendor :STMicroelectronics HAL Drivers 0.0.0
2023-11-21 08:17:07,828 [INFO] ThirdParty:1030 - CMSIS Pack Vendor :STMicroelectronics MBEDTLS 2.16.2
2023-11-21 08:17:07,828 [INFO] ThirdParty:1030 - CMSIS Pack Vendor :emotas I-CUBE-CANOPEN 1.3.0
2023-11-21 08:17:07,828 [INFO] ThirdParty:1030 - CMSIS Pack Vendor :STMicroelectronics X-CUBE-MEMS1 10.0.0
2023-11-21 08:17:07,828 [INFO] ThirdParty:1030 - CMSIS Pack Vendor :STMicroelectronics X-CUBE-FREERTOS 1.1.0
2023-11-21 08:17:07,828 [INFO] ThirdParty:1030 - CMSIS Pack Vendor :STMicroelectronics X-CUBE-NFC7 1.0.1
2023-11-21 08:17:07,828 [INFO] ThirdParty:1030 - CMSIS Pack Vendor :STMicroelectronics MBEDTLS 2.14.1
2023-11-21 08:17:07,828 [INFO] ThirdParty:1030 - CMSIS Pack Vendor :STMicroelectronics X-CUBE-TOUCHGFX 4.22.1
2023-11-21 08:17:07,828 [INFO] ThirdParty:1030 - CMSIS Pack Vendor :STMicroelectronics X-CUBE-NFC6 3.0.0
2023-11-21 08:17:07,828 [INFO] ThirdParty:1030 - CMSIS Pack Vendor :portGmbH I-Cube-SoM-uGOAL 1.1.0
2023-11-21 08:17:07,828 [INFO] ThirdParty:1030 - CMSIS Pack Vendor :STMicroelectronics X-CUBE-ALS 1.0.1
2023-11-21 08:17:07,828 [INFO] ThirdParty:1030 - CMSIS Pack Vendor :STMicroelectronics ThreadX 1.0.0
2023-11-21 08:17:07,829 [INFO] ThirdParty:1030 - CMSIS Pack Vendor :STMicroelectronics FP-SNS-SMARTAG2 1.2.0
2023-11-21 08:17:07,829 [INFO] ThirdParty:1030 - CMSIS Pack Vendor :STMicroelectronics X-CUBE-AZRTOS-WL 2.0.0
2023-11-21 08:17:07,829 [INFO] ThirdParty:1030 - CMSIS Pack Vendor :STMicroelectronics USB_DEVICE 1.0.0
2023-11-21 08:17:07,829 [INFO] ThirdParty:1030 - CMSIS Pack Vendor :STMicroelectronics X-CUBE-AI 8.1.0
2023-11-21 08:17:07,829 [INFO] ThirdParty:1030 - CMSIS Pack Vendor :STMicroelectronics X-CUBE-AZRTOS-L4 2.0.0
2023-11-21 08:17:07,829 [INFO] ThirdParty:1030 - CMSIS Pack Vendor :STMicroelectronics ThreadX 0.0.2
2023-11-21 08:17:07,829 [INFO] ThirdParty:1030 - CMSIS Pack Vendor :WES I-CUBE-Cesium 1.3.0
2023-11-21 08:17:07,829 [INFO] ThirdParty:1030 - CMSIS Pack Vendor :STMicroelectronics FP-ATR-ASTRA1 2.0.0
2023-11-21 08:17:07,829 [INFO] ThirdParty:1030 - CMSIS Pack Vendor :STMicroelectronics lwIP 2.1.2
2023-11-21 08:17:07,829 [INFO] ThirdParty:1030 - CMSIS Pack Vendor :STMicroelectronics X-CUBE-SFXS2LP1 4.0.0
2023-11-21 08:17:07,830 [INFO] ThirdParty:1030 - CMSIS Pack Vendor :STMicroelectronics X-CUBE-BLE2 3.3.0
2023-11-21 08:17:07,830 [INFO] ThirdParty:1030 - CMSIS Pack Vendor :STMicroelectronics PDM2PCM 3.2.0
2023-11-21 08:17:07,830 [INFO] ThirdParty:841 - exiting critical section [change project]
2023-11-21 08:17:08,188 [INFO] PinOutPanel:1499 - setPackage(No Configuration,No Configuration)
2023-11-21 08:17:08,190 [INFO] PinOutPanel:1499 - setPackage(STM32F429BITx,LQFP208)
2023-11-21 08:17:08,581 [INFO] UtilMem:75 - Before build in PCC Used Memory: 870567488 Bytes (1073741824)
2023-11-21 08:17:09,215 [INFO] UtilMem:75 - After build in PCC Used Memory: 530535536 Bytes (1073741824)
2023-11-21 08:17:09,249 [INFO] IPUIPlugin:80 - create IPUIPlugin
2023-11-21 08:17:09,250 [INFO] IPUIPlugin:80 - create IPUIPlugin
2023-11-21 08:17:09,250 [INFO] IPUIPlugin:80 - create IPUIPlugin
2023-11-21 08:17:09,250 [INFO] IPUIPlugin:80 - create IPUIPlugin
2023-11-21 08:17:09,250 [INFO] IPUIPlugin:80 - create IPUIPlugin
2023-11-21 08:17:09,250 [INFO] IPUIPlugin:80 - create IPUIPlugin
2023-11-21 08:17:09,250 [INFO] IPUIPlugin:80 - create IPUIPlugin
2023-11-21 08:17:09,250 [INFO] IPUIPlugin:80 - create IPUIPlugin
2023-11-21 08:17:09,251 [INFO] IPUIPlugin:80 - create IPUIPlugin
2023-11-21 08:17:09,251 [INFO] IPUIPlugin:80 - create IPUIPlugin
2023-11-21 08:17:09,251 [INFO] IPUIPlugin:80 - create IPUIPlugin
2023-11-21 08:17:09,251 [INFO] IPUIPlugin:80 - create IPUIPlugin
2023-11-21 08:17:09,251 [INFO] IPUIPlugin:80 - create IPUIPlugin
2023-11-21 08:17:09,251 [INFO] IPUIPlugin:80 - create IPUIPlugin
2023-11-21 08:17:09,252 [INFO] IPUIPlugin:80 - create IPUIPlugin
2023-11-21 08:17:09,252 [INFO] IPUIPlugin:80 - create IPUIPlugin
2023-11-21 08:17:09,252 [INFO] IPUIPlugin:80 - create IPUIPlugin
2023-11-21 08:17:09,252 [INFO] IPUIPlugin:80 - create IPUIPlugin
2023-11-21 08:17:09,252 [INFO] IPUIPlugin:80 - create IPUIPlugin
2023-11-21 08:17:09,252 [INFO] IPUIPlugin:80 - create IPUIPlugin
2023-11-21 08:17:09,253 [INFO] IPUIPlugin:80 - create IPUIPlugin
2023-11-21 08:17:09,253 [INFO] IPUIPlugin:80 - create IPUIPlugin
2023-11-21 08:17:09,253 [INFO] IPUIPlugin:80 - create IPUIPlugin
2023-11-21 08:17:09,253 [INFO] IPUIPlugin:80 - create IPUIPlugin
2023-11-21 08:17:09,253 [INFO] IPUIPlugin:80 - create IPUIPlugin
2023-11-21 08:17:09,253 [INFO] IPUIPlugin:80 - create IPUIPlugin
2023-11-21 08:17:09,253 [INFO] IPUIPlugin:80 - create IPUIPlugin
2023-11-21 08:17:09,254 [INFO] IPUIPlugin:80 - create IPUIPlugin
2023-11-21 08:17:09,254 [INFO] IPUIPlugin:80 - create IPUIPlugin
2023-11-21 08:17:09,254 [INFO] IPUIPlugin:80 - create IPUIPlugin
2023-11-21 08:17:09,254 [INFO] IPUIPlugin:80 - create IPUIPlugin
2023-11-21 08:17:09,254 [INFO] IPUIPlugin:80 - create IPUIPlugin
2023-11-21 08:17:09,254 [INFO] IPUIPlugin:80 - create IPUIPlugin
2023-11-21 08:17:09,255 [INFO] IPUIPlugin:80 - create IPUIPlugin
2023-11-21 08:17:09,255 [INFO] IPUIPlugin:80 - create IPUIPlugin
2023-11-21 08:17:09,255 [INFO] IPUIPlugin:80 - create IPUIPlugin
2023-11-21 08:17:09,255 [INFO] IPUIPlugin:80 - create IPUIPlugin
2023-11-21 08:17:09,255 [INFO] IPUIPlugin:80 - create IPUIPlugin
2023-11-21 08:17:09,255 [INFO] IPUIPlugin:80 - create IPUIPlugin
2023-11-21 08:17:09,255 [INFO] IPUIPlugin:80 - create IPUIPlugin
2023-11-21 08:17:09,256 [INFO] IPUIPlugin:80 - create IPUIPlugin
2023-11-21 08:17:09,256 [INFO] IPUIPlugin:80 - create IPUIPlugin
2023-11-21 08:17:09,256 [INFO] IPUIPlugin:80 - create IPUIPlugin
2023-11-21 08:17:09,256 [INFO] IPUIPlugin:80 - create IPUIPlugin
2023-11-21 08:17:09,256 [INFO] IPUIPlugin:80 - create IPUIPlugin
2023-11-21 08:17:09,256 [INFO] IPUIPlugin:80 - create IPUIPlugin
2023-11-21 08:17:09,257 [INFO] IPUIPlugin:80 - create IPUIPlugin
2023-11-21 08:17:09,257 [INFO] IPUIPlugin:80 - create IPUIPlugin
2023-11-21 08:17:09,257 [INFO] IPUIPlugin:80 - create IPUIPlugin
2023-11-21 08:17:09,257 [INFO] IPUIPlugin:80 - create IPUIPlugin
2023-11-21 08:17:09,257 [INFO] IPUIPlugin:80 - create IPUIPlugin
2023-11-21 08:17:09,258 [INFO] IPUIPlugin:80 - create IPUIPlugin
2023-11-21 08:17:09,258 [INFO] IPUIPlugin:80 - create IPUIPlugin
2023-11-21 08:17:09,258 [INFO] IPUIPlugin:80 - create IPUIPlugin
2023-11-21 08:17:09,258 [INFO] IPUIPlugin:80 - create IPUIPlugin
2023-11-21 08:17:09,259 [INFO] IPUIPlugin:80 - create IPUIPlugin
2023-11-21 08:17:09,259 [INFO] IPUIPlugin:80 - create IPUIPlugin
2023-11-21 08:17:09,259 [INFO] IPUIPlugin:80 - create IPUIPlugin
2023-11-21 08:17:09,259 [INFO] IPUIPlugin:80 - create IPUIPlugin
2023-11-21 08:17:09,260 [INFO] IPUIPlugin:80 - create IPUIPlugin
2023-11-21 08:17:09,260 [INFO] IPUIPlugin:80 - create IPUIPlugin
2023-11-21 08:17:09,261 [INFO] IPUIPlugin:80 - create IPUIPlugin
2023-11-21 08:17:09,262 [INFO] IPUIPlugin:80 - create IPUIPlugin
2023-11-21 08:17:09,262 [INFO] IPUIPlugin:80 - create IPUIPlugin
2023-11-21 08:17:09,262 [INFO] IPUIPlugin:80 - create IPUIPlugin
2023-11-21 08:17:09,262 [INFO] IPUIPlugin:80 - create IPUIPlugin
2023-11-21 08:17:09,328 [INFO] ApiDbMcu:507 - Load IP Config File for PDM2PCM
2023-11-21 08:17:09,498 [INFO] CADModel:165 - CPN selected for project levelSTM32F429BIT6
2023-11-21 08:17:09,498 [INFO] CADModel:114 - Register for checkConnection events
2023-11-21 08:17:09,544 [INFO] OpenFileManager:328 - Restore cursor
2023-11-21 08:17:10,045 [INFO] UtilMem:75 - End SaveConfig() Used Memory: 695703744 Bytes (1073741824)
2023-11-21 08:17:17,144 [INFO] McuFinderGlobals:76 - Set McuFinderConnectedMode to true
2023-11-21 08:17:17,147 [INFO] ApiDb:448 - Save user favorites file C:\Users\Admin/.stm32cubeide/favorites.mcus.txt: 0 item(s)
2023-11-21 08:17:17,147 [INFO] ApiDb:452 - User favorites MCUs=[]
2023-11-21 08:17:21,668 [INFO] McuFinderGlobals:63 - Set McuFinder mode to 2 (CubeIDE integrated)
2023-11-21 08:17:21,668 [INFO] UserAuth:179 - activating auth plugin
2023-11-21 08:17:21,670 [INFO] UserAuth:393 - Internet connection configuration mode: 1
2023-11-21 08:17:50,912 [INFO] WebApp:588 - userauth.ini deleted or not created
2023-11-21 08:18:09,288 [ERROR] LogOutputStream:75 - [STDERR_REDIRECT] Exception in thread "AWT-EventQueue-0" org.eclipse.swt.SWTException: Device is disposed
2023-11-21 08:18:09,289 [ERROR] LogOutputStream:75 - [STDERR_REDIRECT] 	at org.eclipse.swt.SWT.error(SWT.java:4918)
2023-11-21 08:18:09,289 [ERROR] LogOutputStream:75 - [STDERR_REDIRECT] 	at org.eclipse.swt.SWT.error(SWT.java:4833)
2023-11-21 08:18:09,290 [ERROR] LogOutputStream:75 - [STDERR_REDIRECT] 	at org.eclipse.swt.SWT.error(SWT.java:4804)
2023-11-21 08:18:09,290 [ERROR] LogOutputStream:75 - [STDERR_REDIRECT] 	at org.eclipse.swt.widgets.Display.error(Display.java:1278)
2023-11-21 08:18:09,292 [ERROR] LogOutputStream:75 - [STDERR_REDIRECT] 	at org.eclipse.swt.widgets.Display.asyncExec(Display.java:774)
2023-11-21 08:18:09,295 [ERROR] LogOutputStream:75 - [STDERR_REDIRECT] 	at com.st.stm32cube.common.mx.oss.core.awtswtbridge.AwtEnvironment$2.run(AwtEnvironment.java:168)
2023-11-21 08:18:09,297 [ERROR] LogOutputStream:75 - [STDERR_REDIRECT] 	at java.desktop/java.awt.event.InvocationEvent.dispatch(InvocationEvent.java:318)
2023-11-21 08:18:09,298 [ERROR] LogOutputStream:75 - [STDERR_REDIRECT] 	at java.desktop/java.awt.EventQueue.dispatchEventImpl(EventQueue.java:771)
2023-11-21 08:18:09,299 [ERROR] LogOutputStream:75 - [STDERR_REDIRECT] 	at java.desktop/java.awt.EventQueue$4.run(EventQueue.java:722)
2023-11-21 08:18:09,300 [ERROR] LogOutputStream:75 - [STDERR_REDIRECT] 	at java.desktop/java.awt.EventQueue$4.run(EventQueue.java:716)
2023-11-21 08:18:09,302 [ERROR] LogOutputStream:75 - [STDERR_REDIRECT] 	at java.base/java.security.AccessController.doPrivileged(AccessController.java:399)
2023-11-21 08:18:09,304 [ERROR] LogOutputStream:75 - [STDERR_REDIRECT] 	at java.base/java.security.ProtectionDomain$JavaSecurityAccessImpl.doIntersectionPrivilege(ProtectionDomain.java:86)
2023-11-21 08:18:09,305 [ERROR] LogOutputStream:75 - [STDERR_REDIRECT] 	at java.desktop/java.awt.EventQueue.dispatchEvent(EventQueue.java:741)
2023-11-21 08:18:09,307 [ERROR] LogOutputStream:75 - [STDERR_REDIRECT] 	at java.desktop/java.awt.EventDispatchThread.pumpOneEventForFilters(EventDispatchThread.java:203)
2023-11-21 08:18:09,310 [ERROR] LogOutputStream:75 - [STDERR_REDIRECT] 	at java.desktop/java.awt.EventDispatchThread.pumpEventsForFilter(EventDispatchThread.java:124)
2023-11-21 08:18:09,312 [ERROR] LogOutputStream:75 - [STDERR_REDIRECT] 	at java.desktop/java.awt.EventDispatchThread.pumpEventsForHierarchy(EventDispatchThread.java:113)
2023-11-21 08:18:09,313 [ERROR] LogOutputStream:75 - [STDERR_REDIRECT] 	at java.desktop/java.awt.EventDispatchThread.pumpEvents(EventDispatchThread.java:109)
2023-11-21 08:18:09,315 [ERROR] LogOutputStream:75 - [STDERR_REDIRECT] 	at java.desktop/java.awt.EventDispatchThread.pumpEvents(EventDispatchThread.java:101)
2023-11-21 08:18:09,316 [ERROR] LogOutputStream:75 - [STDERR_REDIRECT] 	at java.desktop/java.awt.EventDispatchThread.run(EventDispatchThread.java:90)
2023-11-21 08:18:09,369 [ERROR] LogOutputStream:75 - [STDERR_REDIRECT] 
